Fitter report for Digital_PSG
Wed Apr 08 17:56:10 2020
Quartus II Version 8.1 Build 163 10/28/2008 SJ Web Edition


---------------------
; Table of Contents ;
---------------------
  1. Legal Notice
  2. Fitter Summary
  3. Fitter Settings
  4. Pin-Out File
  5. Fitter Resource Usage Summary
  6. Input Pins
  7. Output Pins
  8. I/O Bank Usage
  9. All Package Pins
 10. Output Pin Default Load For Reported TCO
 11. Fitter Resource Utilization by Entity
 12. Delay Chain Summary
 13. Control Signals
 14. Global & Other Fast Signals
 15. Non-Global High Fan-Out Signals
 16. Register Cascade Chains
 17. Interconnect Usage Summary
 18. LAB Logic Elements
 19. LAB-wide Signals
 20. LAB Signals Sourced
 21. LAB Signals Sourced Out
 22. LAB Distinct Inputs
 23. Fitter Device Options
 24. Estimated Delay Added for Hold Timing
 25. Fitter Messages



----------------
; Legal Notice ;
----------------
Copyright (C) 1991-2008 Altera Corporation
Your use of Altera Corporation's design tools, logic functions 
and other software and tools, and its AMPP partner logic 
functions, and any output files from any of the foregoing 
(including device programming or simulation files), and any 
associated documentation or information are expressly subject 
to the terms and conditions of the Altera Program License 
Subscription Agreement, Altera MegaCore Function License 
Agreement, or other applicable license agreement, including, 
without limitation, that your use is for the sole purpose of 
programming logic devices manufactured by Altera and sold by 
Altera or its authorized distributors.  Please refer to the 
applicable agreement for further details.



+-----------------------------------------------------------------+
; Fitter Summary                                                  ;
+-----------------------+-----------------------------------------+
; Fitter Status         ; Successful - Wed Apr 08 17:56:10 2020   ;
; Quartus II Version    ; 8.1 Build 163 10/28/2008 SJ Web Edition ;
; Revision Name         ; Digital_PSG                             ;
; Top-level Entity Name ; top_level                               ;
; Family                ; MAX II                                  ;
; Device                ; EPM240T100C5                            ;
; Timing Models         ; Final                                   ;
; Total logic elements  ; 231 / 240 ( 96 % )                      ;
; Total pins            ; 26 / 80 ( 33 % )                        ;
; Total virtual pins    ; 0                                       ;
; UFM blocks            ; 0 / 1 ( 0 % )                           ;
+-----------------------+-----------------------------------------+


+--------------------------------------------------------------------------------------------------------------------------------------+
; Fitter Settings                                                                                                                      ;
+--------------------------------------------------------------------+--------------------------------+--------------------------------+
; Option                                                             ; Setting                        ; Default Value                  ;
+--------------------------------------------------------------------+--------------------------------+--------------------------------+
; Device                                                             ; EPM240T100C5                   ;                                ;
; Minimum Core Junction Temperature                                  ; 0                              ;                                ;
; Maximum Core Junction Temperature                                  ; 85                             ;                                ;
; Fit Attempts to Skip                                               ; 0                              ; 0.0                            ;
; Fitter Effort                                                      ; Standard Fit                   ; Auto Fit                       ;
; Use smart compilation                                              ; Off                            ; Off                            ;
; Use TimeQuest Timing Analyzer                                      ; Off                            ; Off                            ;
; Router Timing Optimization Level                                   ; Normal                         ; Normal                         ;
; Placement Effort Multiplier                                        ; 1.0                            ; 1.0                            ;
; Router Effort Multiplier                                           ; 1.0                            ; 1.0                            ;
; Always Enable Input Buffers                                        ; Off                            ; Off                            ;
; Optimize Hold Timing                                               ; IO Paths and Minimum TPD Paths ; IO Paths and Minimum TPD Paths ;
; Optimize Multi-Corner Timing                                       ; Off                            ; Off                            ;
; Guarantee I/O Paths Have Zero Hold Time at Fast Corner             ; On                             ; On                             ;
; PowerPlay Power Optimization                                       ; Normal compilation             ; Normal compilation             ;
; Optimize Timing                                                    ; Normal compilation             ; Normal compilation             ;
; Optimize Timing for ECOs                                           ; Off                            ; Off                            ;
; Regenerate full fit report during ECO compiles                     ; Off                            ; Off                            ;
; Optimize IOC Register Placement for Timing                         ; On                             ; On                             ;
; Limit to One Fitting Attempt                                       ; Off                            ; Off                            ;
; Final Placement Optimizations                                      ; Automatically                  ; Automatically                  ;
; Fitter Aggressive Routability Optimizations                        ; Automatically                  ; Automatically                  ;
; Fitter Initial Placement Seed                                      ; 1                              ; 1                              ;
; Slow Slew Rate                                                     ; Off                            ; Off                            ;
; PCI I/O                                                            ; Off                            ; Off                            ;
; Weak Pull-Up Resistor                                              ; Off                            ; Off                            ;
; Enable Bus-Hold Circuitry                                          ; Off                            ; Off                            ;
; Auto Delay Chains                                                  ; On                             ; On                             ;
; Perform Physical Synthesis for Combinational Logic for Performance ; Off                            ; Off                            ;
; Perform Register Duplication for Performance                       ; Off                            ; Off                            ;
; Perform Register Retiming for Performance                          ; Off                            ; Off                            ;
; Perform Asynchronous Signal Pipelining                             ; Off                            ; Off                            ;
; Physical Synthesis Effort Level                                    ; Normal                         ; Normal                         ;
; Logic Cell Insertion - Logic Duplication                           ; Auto                           ; Auto                           ;
; Auto Register Duplication                                          ; Auto                           ; Auto                           ;
; Auto Global Clock                                                  ; On                             ; On                             ;
; Auto Global Register Control Signals                               ; On                             ; On                             ;
; Stop After Congestion Map Generation                               ; Off                            ; Off                            ;
; Save Intermediate Fitting Results                                  ; Off                            ; Off                            ;
+--------------------------------------------------------------------+--------------------------------+--------------------------------+


+--------------+
; Pin-Out File ;
+--------------+
The pin-out file can be found in D:/Documents and Settings/Win2K/My Documents/PSG/Digital_PSG.pin.


+-------------------------------------------------------------------------------+
; Fitter Resource Usage Summary                                                 ;
+---------------------------------------------+---------------------------------+
; Resource                                    ; Usage                           ;
+---------------------------------------------+---------------------------------+
; Total logic elements                        ; 231 / 240 ( 96 % )              ;
;     -- Combinational with no register       ; 44                              ;
;     -- Register only                        ; 10                              ;
;     -- Combinational with a register        ; 177                             ;
;                                             ;                                 ;
; Logic element usage by number of LUT inputs ;                                 ;
;     -- 4 input functions                    ; 56                              ;
;     -- 3 input functions                    ; 89                              ;
;     -- 2 input functions                    ; 68                              ;
;     -- 1 input functions                    ; 8                               ;
;     -- 0 input functions                    ; 0                               ;
;                                             ;                                 ;
; Logic elements by mode                      ;                                 ;
;     -- normal mode                          ; 121                             ;
;     -- arithmetic mode                      ; 110                             ;
;     -- qfbk mode                            ; 60                              ;
;     -- register cascade mode                ; 7                               ;
;     -- synchronous clear/load mode          ; 110                             ;
;     -- asynchronous clear/load mode         ; 0                               ;
;                                             ;                                 ;
; Total registers                             ; 187 / 240 ( 78 % )              ;
; Total LABs                                  ; 24 / 24 ( 100 % )               ;
; Logic elements in carry chains              ; 123                             ;
; User inserted logic elements                ; 0                               ;
; Virtual pins                                ; 0                               ;
; I/O pins                                    ; 26 / 80 ( 33 % )                ;
;     -- Clock pins                           ; 1                               ;
; Global signals                              ; 1                               ;
; UFM blocks                                  ; 0 / 1 ( 0 % )                   ;
; Global clocks                               ; 1 / 4 ( 25 % )                  ;
; JTAGs                                       ; 0 / 1 ( 0 % )                   ;
; Average interconnect usage (total/H/V)      ; 40% / 50% / 30%                 ;
; Peak interconnect usage (total/H/V)         ; 40% / 50% / 30%                 ;
; Maximum fan-out node                        ; clk                             ;
; Maximum fan-out                             ; 187                             ;
; Highest non-global fan-out signal           ; clock_synth:csynth0|channel_clk ;
; Highest non-global fan-out                  ; 24                              ;
; Total fan-out                               ; 1058                            ;
; Average fan-out                             ; 4.10                            ;
+---------------------------------------------+---------------------------------+


+-------------------------------------------------------------------------------------------------------------------------------------------------------------------------------------------------------------------+
; Input Pins                                                                                                                                                                                                        ;
+------------+-------+----------+--------------+--------------+-------------+-----------------------+--------------------+--------+-----------------+----------+--------------+--------------+----------------------+
; Name       ; Pin # ; I/O Bank ; X coordinate ; Y coordinate ; Cell number ; Combinational Fan-Out ; Registered Fan-Out ; Global ; PCI I/O Enabled ; Bus Hold ; Weak Pull Up ; I/O Standard ; Location assigned by ;
+------------+-------+----------+--------------+--------------+-------------+-----------------------+--------------------+--------+-----------------+----------+--------------+--------------+----------------------+
; address[0] ; 70    ; 2        ; 8            ; 4            ; 4           ; 10                    ; 0                  ; no     ; no              ; no       ; Off          ; 3.3-V LVTTL  ; Fitter               ;
; address[1] ; 3     ; 1        ; 1            ; 4            ; 1           ; 11                    ; 0                  ; no     ; no              ; no       ; Off          ; 3.3-V LVTTL  ; Fitter               ;
; address[2] ; 2     ; 1        ; 1            ; 4            ; 0           ; 8                     ; 0                  ; no     ; no              ; no       ; Off          ; 3.3-V LVTTL  ; Fitter               ;
; address[3] ; 4     ; 1        ; 1            ; 4            ; 2           ; 4                     ; 0                  ; no     ; no              ; no       ; Off          ; 3.3-V LVTTL  ; Fitter               ;
; clk        ; 14    ; 1        ; 1            ; 2            ; 0           ; 187                   ; 0                  ; yes    ; no              ; no       ; Off          ; 3.3-V LVTTL  ; Fitter               ;
; data[0]    ; 18    ; 1        ; 1            ; 1            ; 0           ; 11                    ; 0                  ; no     ; no              ; no       ; Off          ; 3.3-V LVTTL  ; Fitter               ;
; data[1]    ; 21    ; 1        ; 1            ; 1            ; 3           ; 11                    ; 0                  ; no     ; no              ; no       ; Off          ; 3.3-V LVTTL  ; Fitter               ;
; data[2]    ; 8     ; 1        ; 1            ; 3            ; 2           ; 11                    ; 0                  ; no     ; no              ; no       ; Off          ; 3.3-V LVTTL  ; Fitter               ;
; data[3]    ; 72    ; 2        ; 8            ; 4            ; 2           ; 11                    ; 0                  ; no     ; no              ; no       ; Off          ; 3.3-V LVTTL  ; Fitter               ;
; data[4]    ; 53    ; 2        ; 8            ; 1            ; 3           ; 11                    ; 0                  ; no     ; no              ; no       ; Off          ; 3.3-V LVTTL  ; Fitter               ;
; data[5]    ; 19    ; 1        ; 1            ; 1            ; 1           ; 9                     ; 0                  ; no     ; no              ; no       ; Off          ; 3.3-V LVTTL  ; Fitter               ;
; data[6]    ; 50    ; 1        ; 7            ; 0            ; 1           ; 8                     ; 0                  ; no     ; no              ; no       ; Off          ; 3.3-V LVTTL  ; Fitter               ;
; data[7]    ; 81    ; 2        ; 6            ; 5            ; 0           ; 8                     ; 0                  ; no     ; no              ; no       ; Off          ; 3.3-V LVTTL  ; Fitter               ;
; wr         ; 5     ; 1        ; 1            ; 4            ; 3           ; 4                     ; 0                  ; no     ; no              ; no       ; Off          ; 3.3-V LVTTL  ; Fitter               ;
+------------+-------+----------+--------------+--------------+-------------+-----------------------+--------------------+--------+-----------------+----------+--------------+--------------+----------------------+


+-----------------------------------------------------------------------------------------------------------------------------------------------------------------------------------------------------------------------------------------------------------------------------------+
; Output Pins                                                                                                                                                                                                                                                                       ;
+--------------+-------+----------+--------------+--------------+-------------+-----------------+----------------+-----------------+------------+---------------+----------+--------------+--------------+------------------+------------------------+----------------------+-------+
; Name         ; Pin # ; I/O Bank ; X coordinate ; Y coordinate ; Cell number ; Output Register ; Slow Slew Rate ; PCI I/O Enabled ; Open Drain ; TRI Primitive ; Bus Hold ; Weak Pull Up ; I/O Standard ; Current Strength ; Fast Output Connection ; Location assigned by ; Load  ;
+--------------+-------+----------+--------------+--------------+-------------+-----------------+----------------+-----------------+------------+---------------+----------+--------------+--------------+------------------+------------------------+----------------------+-------+
; ch0_audio[0] ; 58    ; 2        ; 8            ; 2            ; 2           ; no              ; no             ; no              ; no         ; no            ; no       ; Off          ; 3.3-V LVTTL  ; 16mA             ; no                     ; Fitter               ; 10 pF ;
; ch0_audio[1] ; 83    ; 2        ; 6            ; 5            ; 2           ; no              ; no             ; no              ; no         ; no            ; no       ; Off          ; 3.3-V LVTTL  ; 16mA             ; no                     ; Fitter               ; 10 pF ;
; ch0_audio[2] ; 61    ; 2        ; 8            ; 2            ; 1           ; no              ; no             ; no              ; no         ; no            ; no       ; Off          ; 3.3-V LVTTL  ; 16mA             ; no                     ; Fitter               ; 10 pF ;
; ch0_audio[3] ; 90    ; 2        ; 4            ; 5            ; 1           ; no              ; no             ; no              ; no         ; no            ; no       ; Off          ; 3.3-V LVTTL  ; 16mA             ; no                     ; Fitter               ; 10 pF ;
; ch1_audio[0] ; 41    ; 1        ; 5            ; 0            ; 1           ; no              ; no             ; no              ; no         ; no            ; no       ; Off          ; 3.3-V LVTTL  ; 16mA             ; yes                    ; Fitter               ; 10 pF ;
; ch1_audio[1] ; 39    ; 1        ; 5            ; 0            ; 3           ; no              ; no             ; no              ; no         ; no            ; no       ; Off          ; 3.3-V LVTTL  ; 16mA             ; yes                    ; Fitter               ; 10 pF ;
; ch1_audio[2] ; 40    ; 1        ; 5            ; 0            ; 2           ; no              ; no             ; no              ; no         ; no            ; no       ; Off          ; 3.3-V LVTTL  ; 16mA             ; yes                    ; Fitter               ; 10 pF ;
; ch1_audio[3] ; 54    ; 2        ; 8            ; 1            ; 2           ; no              ; no             ; no              ; no         ; no            ; no       ; Off          ; 3.3-V LVTTL  ; 16mA             ; no                     ; Fitter               ; 10 pF ;
; ch2_audio[0] ; 42    ; 1        ; 5            ; 0            ; 0           ; no              ; no             ; no              ; no         ; no            ; no       ; Off          ; 3.3-V LVTTL  ; 16mA             ; yes                    ; Fitter               ; 10 pF ;
; ch2_audio[1] ; 36    ; 1        ; 4            ; 0            ; 2           ; no              ; no             ; no              ; no         ; no            ; no       ; Off          ; 3.3-V LVTTL  ; 16mA             ; no                     ; Fitter               ; 10 pF ;
; ch2_audio[2] ; 52    ; 2        ; 8            ; 1            ; 4           ; no              ; no             ; no              ; no         ; no            ; no       ; Off          ; 3.3-V LVTTL  ; 16mA             ; no                     ; Fitter               ; 10 pF ;
; ch2_audio[3] ; 87    ; 2        ; 5            ; 5            ; 2           ; no              ; no             ; no              ; no         ; no            ; no       ; Off          ; 3.3-V LVTTL  ; 16mA             ; no                     ; Fitter               ; 10 pF ;
+--------------+-------+----------+--------------+--------------+-------------+-----------------+----------------+-----------------+------------+---------------+----------+--------------+--------------+------------------+------------------------+----------------------+-------+


+------------------------------------------------------------+
; I/O Bank Usage                                             ;
+----------+------------------+---------------+--------------+
; I/O Bank ; Usage            ; VCCIO Voltage ; VREF Voltage ;
+----------+------------------+---------------+--------------+
; 1        ; 16 / 38 ( 42 % ) ; 3.3V          ; --           ;
; 2        ; 11 / 42 ( 26 % ) ; 3.3V          ; --           ;
+----------+------------------+---------------+--------------+


+-------------------------------------------------------------------------------------------------------------------------------------------------------------+
; All Package Pins                                                                                                                                            ;
+----------+------------+----------+-----------------------------+--------+--------------+-----------+------------+-----------------+----------+--------------+
; Location ; Pad Number ; I/O Bank ; Pin Name/Usage              ; Dir.   ; I/O Standard ; Voltage   ; I/O Type   ; User Assignment ; Bus Hold ; Weak Pull Up ;
+----------+------------+----------+-----------------------------+--------+--------------+-----------+------------+-----------------+----------+--------------+
; 1        ; 83         ; 2        ; GND*                        ;        ;              ;           ; Column I/O ;                 ; no       ; Off          ;
; 2        ; 0          ; 1        ; address[2]                  ; input  ; 3.3-V LVTTL  ;           ; Row I/O    ; N               ; no       ; Off          ;
; 3        ; 1          ; 1        ; address[1]                  ; input  ; 3.3-V LVTTL  ;           ; Row I/O    ; N               ; no       ; Off          ;
; 4        ; 2          ; 1        ; address[3]                  ; input  ; 3.3-V LVTTL  ;           ; Row I/O    ; N               ; no       ; Off          ;
; 5        ; 3          ; 1        ; wr                          ; input  ; 3.3-V LVTTL  ;           ; Row I/O    ; N               ; no       ; Off          ;
; 6        ; 4          ; 1        ; GND*                        ;        ;              ;           ; Row I/O    ;                 ; no       ; Off          ;
; 7        ; 5          ; 1        ; GND*                        ;        ;              ;           ; Row I/O    ;                 ; no       ; Off          ;
; 8        ; 6          ; 1        ; data[2]                     ; input  ; 3.3-V LVTTL  ;           ; Row I/O    ; N               ; no       ; Off          ;
; 9        ;            ; 1        ; VCCIO1                      ; power  ;              ; 3.3V      ; --         ;                 ; --       ; --           ;
; 10       ;            ;          ; GNDIO                       ; gnd    ;              ;           ; --         ;                 ; --       ; --           ;
; 11       ;            ;          ; GNDINT                      ; gnd    ;              ;           ; --         ;                 ; --       ; --           ;
; 12       ; 7          ; 1        ; GND*                        ;        ;              ;           ; Row I/O    ;                 ; no       ; Off          ;
; 13       ;            ;          ; VCCINT                      ; power  ;              ; 2.5V/3.3V ; --         ;                 ; --       ; --           ;
; 14       ; 8          ; 1        ; clk                         ; input  ; 3.3-V LVTTL  ;           ; Row I/O    ; N               ; no       ; Off          ;
; 15       ; 9          ; 1        ; GND*                        ;        ;              ;           ; Row I/O    ;                 ; no       ; Off          ;
; 16       ; 10         ; 1        ; GND*                        ;        ;              ;           ; Row I/O    ;                 ; no       ; Off          ;
; 17       ; 11         ; 1        ; GND*                        ;        ;              ;           ; Row I/O    ;                 ; no       ; Off          ;
; 18       ; 12         ; 1        ; data[0]                     ; input  ; 3.3-V LVTTL  ;           ; Row I/O    ; N               ; no       ; Off          ;
; 19       ; 13         ; 1        ; data[5]                     ; input  ; 3.3-V LVTTL  ;           ; Row I/O    ; N               ; no       ; Off          ;
; 20       ; 14         ; 1        ; GND*                        ;        ;              ;           ; Row I/O    ;                 ; no       ; Off          ;
; 21       ; 15         ; 1        ; data[1]                     ; input  ; 3.3-V LVTTL  ;           ; Row I/O    ; N               ; no       ; Off          ;
; 22       ; 16         ; 1        ; #TMS                        ; input  ;              ;           ; --         ;                 ; --       ; --           ;
; 23       ; 17         ; 1        ; #TDI                        ; input  ;              ;           ; --         ;                 ; --       ; --           ;
; 24       ; 18         ; 1        ; #TCK                        ; input  ;              ;           ; --         ;                 ; --       ; --           ;
; 25       ; 19         ; 1        ; #TDO                        ; output ;              ;           ; --         ;                 ; --       ; --           ;
; 26       ; 20         ; 1        ; GND*                        ;        ;              ;           ; Column I/O ;                 ; no       ; Off          ;
; 27       ; 21         ; 1        ; GND*                        ;        ;              ;           ; Column I/O ;                 ; no       ; Off          ;
; 28       ; 22         ; 1        ; GND*                        ;        ;              ;           ; Column I/O ;                 ; no       ; Off          ;
; 29       ; 23         ; 1        ; GND*                        ;        ;              ;           ; Column I/O ;                 ; no       ; Off          ;
; 30       ; 24         ; 1        ; GND*                        ;        ;              ;           ; Column I/O ;                 ; no       ; Off          ;
; 31       ;            ; 1        ; VCCIO1                      ; power  ;              ; 3.3V      ; --         ;                 ; --       ; --           ;
; 32       ;            ;          ; GNDIO                       ; gnd    ;              ;           ; --         ;                 ; --       ; --           ;
; 33       ; 25         ; 1        ; GND*                        ;        ;              ;           ; Column I/O ;                 ; no       ; Off          ;
; 34       ; 26         ; 1        ; GND*                        ;        ;              ;           ; Column I/O ;                 ; no       ; Off          ;
; 35       ; 27         ; 1        ; GND*                        ;        ;              ;           ; Column I/O ;                 ; no       ; Off          ;
; 36       ; 28         ; 1        ; ch2_audio[1]                ; output ; 3.3-V LVTTL  ;           ; Column I/O ; N               ; no       ; Off          ;
; 37       ; 29         ; 1        ; GND*                        ;        ;              ;           ; Column I/O ;                 ; no       ; Off          ;
; 38       ; 30         ; 1        ; GND*                        ;        ;              ;           ; Column I/O ;                 ; no       ; Off          ;
; 39       ; 31         ; 1        ; ch1_audio[1]                ; output ; 3.3-V LVTTL  ;           ; Column I/O ; N               ; no       ; Off          ;
; 40       ; 32         ; 1        ; ch1_audio[2]                ; output ; 3.3-V LVTTL  ;           ; Column I/O ; N               ; no       ; Off          ;
; 41       ; 33         ; 1        ; ch1_audio[0]                ; output ; 3.3-V LVTTL  ;           ; Column I/O ; N               ; no       ; Off          ;
; 42       ; 34         ; 1        ; ch2_audio[0]                ; output ; 3.3-V LVTTL  ;           ; Column I/O ; N               ; no       ; Off          ;
; 43       ; 35         ; 1        ; GND*                        ;        ;              ;           ; Column I/O ;                 ; no       ; Off          ;
; 44       ; 36         ; 1        ; ~DEV_CLRn~ / RESERVED_INPUT ; input  ; 3.3-V LVTTL  ;           ; Column I/O ; N               ; no       ; Off          ;
; 45       ;            ; 1        ; VCCIO1                      ; power  ;              ; 3.3V      ; --         ;                 ; --       ; --           ;
; 46       ;            ;          ; GNDIO                       ; gnd    ;              ;           ; --         ;                 ; --       ; --           ;
; 47       ; 37         ; 1        ; GND*                        ;        ;              ;           ; Column I/O ;                 ; no       ; Off          ;
; 48       ; 38         ; 1        ; GND*                        ;        ;              ;           ; Column I/O ;                 ; no       ; Off          ;
; 49       ; 39         ; 1        ; GND*                        ;        ;              ;           ; Column I/O ;                 ; no       ; Off          ;
; 50       ; 40         ; 1        ; data[6]                     ; input  ; 3.3-V LVTTL  ;           ; Column I/O ; N               ; no       ; Off          ;
; 51       ; 41         ; 1        ; GND*                        ;        ;              ;           ; Column I/O ;                 ; no       ; Off          ;
; 52       ; 42         ; 2        ; ch2_audio[2]                ; output ; 3.3-V LVTTL  ;           ; Row I/O    ; N               ; no       ; Off          ;
; 53       ; 43         ; 2        ; data[4]                     ; input  ; 3.3-V LVTTL  ;           ; Row I/O    ; N               ; no       ; Off          ;
; 54       ; 44         ; 2        ; ch1_audio[3]                ; output ; 3.3-V LVTTL  ;           ; Row I/O    ; N               ; no       ; Off          ;
; 55       ; 45         ; 2        ; GND*                        ;        ;              ;           ; Row I/O    ;                 ; no       ; Off          ;
; 56       ; 46         ; 2        ; GND*                        ;        ;              ;           ; Row I/O    ;                 ; no       ; Off          ;
; 57       ; 47         ; 2        ; GND*                        ;        ;              ;           ; Row I/O    ;                 ; no       ; Off          ;
; 58       ; 48         ; 2        ; ch0_audio[0]                ; output ; 3.3-V LVTTL  ;           ; Row I/O    ; N               ; no       ; Off          ;
; 59       ;            ; 2        ; VCCIO2                      ; power  ;              ; 3.3V      ; --         ;                 ; --       ; --           ;
; 60       ;            ;          ; GNDIO                       ; gnd    ;              ;           ; --         ;                 ; --       ; --           ;
; 61       ; 49         ; 2        ; ch0_audio[2]                ; output ; 3.3-V LVTTL  ;           ; Row I/O    ; N               ; no       ; Off          ;
; 62       ; 50         ; 2        ; GND*                        ;        ;              ;           ; Row I/O    ;                 ; no       ; Off          ;
; 63       ;            ;          ; VCCINT                      ; power  ;              ; 2.5V/3.3V ; --         ;                 ; --       ; --           ;
; 64       ; 51         ; 2        ; GND*                        ;        ;              ;           ; Row I/O    ;                 ; no       ; Off          ;
; 65       ;            ;          ; GNDINT                      ; gnd    ;              ;           ; --         ;                 ; --       ; --           ;
; 66       ; 52         ; 2        ; GND*                        ;        ;              ;           ; Row I/O    ;                 ; no       ; Off          ;
; 67       ; 53         ; 2        ; GND*                        ;        ;              ;           ; Row I/O    ;                 ; no       ; Off          ;
; 68       ; 54         ; 2        ; GND*                        ;        ;              ;           ; Row I/O    ;                 ; no       ; Off          ;
; 69       ; 55         ; 2        ; GND*                        ;        ;              ;           ; Row I/O    ;                 ; no       ; Off          ;
; 70       ; 56         ; 2        ; address[0]                  ; input  ; 3.3-V LVTTL  ;           ; Row I/O    ; N               ; no       ; Off          ;
; 71       ; 57         ; 2        ; GND*                        ;        ;              ;           ; Row I/O    ;                 ; no       ; Off          ;
; 72       ; 58         ; 2        ; data[3]                     ; input  ; 3.3-V LVTTL  ;           ; Row I/O    ; N               ; no       ; Off          ;
; 73       ; 59         ; 2        ; GND*                        ;        ;              ;           ; Row I/O    ;                 ; no       ; Off          ;
; 74       ; 60         ; 2        ; GND*                        ;        ;              ;           ; Row I/O    ;                 ; no       ; Off          ;
; 75       ; 61         ; 2        ; GND*                        ;        ;              ;           ; Column I/O ;                 ; no       ; Off          ;
; 76       ; 62         ; 2        ; GND*                        ;        ;              ;           ; Column I/O ;                 ; no       ; Off          ;
; 77       ; 63         ; 2        ; GND*                        ;        ;              ;           ; Column I/O ;                 ; no       ; Off          ;
; 78       ; 64         ; 2        ; GND*                        ;        ;              ;           ; Column I/O ;                 ; no       ; Off          ;
; 79       ;            ;          ; GNDIO                       ; gnd    ;              ;           ; --         ;                 ; --       ; --           ;
; 80       ;            ; 2        ; VCCIO2                      ; power  ;              ; 3.3V      ; --         ;                 ; --       ; --           ;
; 81       ; 65         ; 2        ; data[7]                     ; input  ; 3.3-V LVTTL  ;           ; Column I/O ; N               ; no       ; Off          ;
; 82       ; 66         ; 2        ; GND*                        ;        ;              ;           ; Column I/O ;                 ; no       ; Off          ;
; 83       ; 67         ; 2        ; ch0_audio[1]                ; output ; 3.3-V LVTTL  ;           ; Column I/O ; N               ; no       ; Off          ;
; 84       ; 68         ; 2        ; GND*                        ;        ;              ;           ; Column I/O ;                 ; no       ; Off          ;
; 85       ; 69         ; 2        ; GND*                        ;        ;              ;           ; Column I/O ;                 ; no       ; Off          ;
; 86       ; 70         ; 2        ; GND*                        ;        ;              ;           ; Column I/O ;                 ; no       ; Off          ;
; 87       ; 71         ; 2        ; ch2_audio[3]                ; output ; 3.3-V LVTTL  ;           ; Column I/O ; N               ; no       ; Off          ;
; 88       ; 72         ; 2        ; GND*                        ;        ;              ;           ; Column I/O ;                 ; no       ; Off          ;
; 89       ; 73         ; 2        ; GND*                        ;        ;              ;           ; Column I/O ;                 ; no       ; Off          ;
; 90       ; 74         ; 2        ; ch0_audio[3]                ; output ; 3.3-V LVTTL  ;           ; Column I/O ; N               ; no       ; Off          ;
; 91       ; 75         ; 2        ; GND*                        ;        ;              ;           ; Column I/O ;                 ; no       ; Off          ;
; 92       ; 76         ; 2        ; GND*                        ;        ;              ;           ; Column I/O ;                 ; no       ; Off          ;
; 93       ;            ;          ; GNDIO                       ; gnd    ;              ;           ; --         ;                 ; --       ; --           ;
; 94       ;            ; 2        ; VCCIO2                      ; power  ;              ; 3.3V      ; --         ;                 ; --       ; --           ;
; 95       ; 77         ; 2        ; GND*                        ;        ;              ;           ; Column I/O ;                 ; no       ; Off          ;
; 96       ; 78         ; 2        ; GND*                        ;        ;              ;           ; Column I/O ;                 ; no       ; Off          ;
; 97       ; 79         ; 2        ; GND*                        ;        ;              ;           ; Column I/O ;                 ; no       ; Off          ;
; 98       ; 80         ; 2        ; GND*                        ;        ;              ;           ; Column I/O ;                 ; no       ; Off          ;
; 99       ; 81         ; 2        ; GND*                        ;        ;              ;           ; Column I/O ;                 ; no       ; Off          ;
; 100      ; 82         ; 2        ; GND*                        ;        ;              ;           ; Column I/O ;                 ; no       ; Off          ;
+----------+------------+----------+-----------------------------+--------+--------------+-----------+------------+-----------------+----------+--------------+
Note: Pin directions (input, output or bidir) are based on device operating in user mode.


+-------------------------------------------------------------+
; Output Pin Default Load For Reported TCO                    ;
+----------------------------+-------+------------------------+
; I/O Standard               ; Load  ; Termination Resistance ;
+----------------------------+-------+------------------------+
; 3.3-V LVTTL                ; 10 pF ; Not Available          ;
; 3.3-V LVCMOS               ; 10 pF ; Not Available          ;
; 2.5 V                      ; 10 pF ; Not Available          ;
; 1.8 V                      ; 10 pF ; Not Available          ;
; 1.5 V                      ; 10 pF ; Not Available          ;
; 3.3V Schmitt Trigger Input ; 10 pF ; Not Available          ;
; 2.5V Schmitt Trigger Input ; 10 pF ; Not Available          ;
+----------------------------+-------+------------------------+
Note: User assignments will override these defaults. The user specified values are listed in the Output Pins and Bidir Pins tables.


+---------------------------------------------------------------------------------------------------------------------------------------------------------------------------------------------------------------------------------------+
; Fitter Resource Utilization by Entity                                                                                                                                                                                                 ;
+------------------------------+-------------+--------------+------------+------+--------------+--------------+-------------------+------------------+-----------------+------------+------------------------------------+--------------+
; Compilation Hierarchy Node   ; Logic Cells ; LC Registers ; UFM Blocks ; Pins ; Virtual Pins ; LUT-Only LCs ; Register-Only LCs ; LUT/Register LCs ; Carry Chain LCs ; Packed LCs ; Full Hierarchy Name                ; Library Name ;
+------------------------------+-------------+--------------+------------+------+--------------+--------------+-------------------+------------------+-----------------+------------+------------------------------------+--------------+
; |top_level                   ; 231 (84)    ; 187          ; 0          ; 26   ; 0            ; 44 (4)       ; 10 (10)           ; 177 (70)         ; 123 (15)        ; 68 (40)    ; |top_level                         ; work         ;
;    |DAC:DAC0_inst|           ; 10 (10)     ; 0            ; 0          ; 0    ; 0            ; 10 (10)      ; 0 (0)             ; 0 (0)            ; 10 (10)         ; 4 (4)      ; |top_level|DAC:DAC0_inst           ; work         ;
;    |DAC:DAC1_inst|           ; 10 (10)     ; 0            ; 0          ; 0    ; 0            ; 10 (10)      ; 0 (0)             ; 0 (0)            ; 10 (10)         ; 4 (4)      ; |top_level|DAC:DAC1_inst           ; work         ;
;    |DAC:DAC2_inst|           ; 20 (20)     ; 10           ; 0          ; 0    ; 0            ; 10 (10)      ; 0 (0)             ; 10 (10)          ; 19 (19)         ; 4 (4)      ; |top_level|DAC:DAC2_inst           ; work         ;
;    |clock_synth:csynth0|     ; 9 (9)       ; 9            ; 0          ; 0    ; 0            ; 0 (0)        ; 0 (0)             ; 9 (9)            ; 8 (8)           ; 4 (4)      ; |top_level|clock_synth:csynth0     ; work         ;
;    |clock_synth:csynth1|     ; 9 (9)       ; 9            ; 0          ; 0    ; 0            ; 0 (0)        ; 0 (0)             ; 9 (9)            ; 8 (8)           ; 4 (4)      ; |top_level|clock_synth:csynth1     ; work         ;
;    |clock_synth_low:csynth2| ; 11 (11)     ; 11           ; 0          ; 0    ; 0            ; 0 (0)        ; 0 (0)             ; 11 (11)          ; 10 (10)         ; 4 (4)      ; |top_level|clock_synth_low:csynth2 ; work         ;
;    |noise_synth:nsynth0|     ; 23 (23)     ; 23           ; 0          ; 0    ; 0            ; 0 (0)        ; 0 (0)             ; 23 (23)          ; 0 (0)           ; 1 (1)      ; |top_level|noise_synth:nsynth0     ; work         ;
;    |pulse_synth:psynth0|     ; 0 (0)       ; 0            ; 0          ; 0    ; 0            ; 0 (0)        ; 0 (0)             ; 0 (0)            ; 0 (0)           ; 1 (1)      ; |top_level|pulse_synth:psynth0     ; work         ;
;    |pulse_synth:psynth1|     ; 1 (1)       ; 0            ; 0          ; 0    ; 0            ; 1 (1)        ; 0 (0)             ; 0 (0)            ; 1 (1)           ; 0 (0)      ; |top_level|pulse_synth:psynth1     ; work         ;
;    |sawtooth_synth:ssynth1|  ; 11 (11)     ; 11           ; 0          ; 0    ; 0            ; 0 (0)        ; 0 (0)             ; 11 (11)          ; 10 (10)         ; 0 (0)      ; |top_level|sawtooth_synth:ssynth1  ; work         ;
;    |sine_synth:isynth2|      ; 26 (26)     ; 23           ; 0          ; 0    ; 0            ; 3 (3)        ; 0 (0)             ; 23 (23)          ; 22 (22)         ; 1 (1)      ; |top_level|sine_synth:isynth2      ; work         ;
;    |triangle_synth:tsynth0|  ; 17 (17)     ; 11           ; 0          ; 0    ; 0            ; 6 (6)        ; 0 (0)             ; 11 (11)          ; 10 (10)         ; 1 (1)      ; |top_level|triangle_synth:tsynth0  ; work         ;
+------------------------------+-------------+--------------+------------+------+--------------+--------------+-------------------+------------------+-----------------+------------+------------------------------------+--------------+
Note: For table entries with two numbers listed, the numbers in parentheses indicate the number of resources of the given type used by the specific entity alone. The numbers listed outside of parentheses indicate the total resources of the given type used by the specific entity and all of its sub-entities in the hierarchy.


+-----------------------------------------+
; Delay Chain Summary                     ;
+--------------+----------+---------------+
; Name         ; Pin Type ; Pad to Core 0 ;
+--------------+----------+---------------+
; data[0]      ; Input    ; 0             ;
; clk          ; Input    ; 0             ;
; address[0]   ; Input    ; 0             ;
; address[1]   ; Input    ; 0             ;
; address[2]   ; Input    ; 0             ;
; wr           ; Input    ; 0             ;
; address[3]   ; Input    ; 0             ;
; data[1]      ; Input    ; 0             ;
; data[2]      ; Input    ; 0             ;
; data[3]      ; Input    ; 0             ;
; data[7]      ; Input    ; 0             ;
; data[5]      ; Input    ; 0             ;
; data[4]      ; Input    ; 0             ;
; data[6]      ; Input    ; 0             ;
; ch0_audio[0] ; Output   ; --            ;
; ch0_audio[1] ; Output   ; --            ;
; ch0_audio[2] ; Output   ; --            ;
; ch0_audio[3] ; Output   ; --            ;
; ch1_audio[0] ; Output   ; --            ;
; ch1_audio[1] ; Output   ; --            ;
; ch1_audio[2] ; Output   ; --            ;
; ch1_audio[3] ; Output   ; --            ;
; ch2_audio[0] ; Output   ; --            ;
; ch2_audio[1] ; Output   ; --            ;
; ch2_audio[2] ; Output   ; --            ;
; ch2_audio[3] ; Output   ; --            ;
+--------------+----------+---------------+


+-----------------------------------------------------------------------------------------------------------------------------------+
; Control Signals                                                                                                                   ;
+-----------------------------------------+-------------+---------+--------------+--------+----------------------+------------------+
; Name                                    ; Location    ; Fan-Out ; Usage        ; Global ; Global Resource Used ; Global Line Name ;
+-----------------------------------------+-------------+---------+--------------+--------+----------------------+------------------+
; Decoder0~105                            ; LC_X6_Y4_N2 ; 6       ; Clock enable ; no     ; --                   ; --               ;
; Decoder0~106                            ; LC_X6_Y4_N6 ; 5       ; Clock enable ; no     ; --                   ; --               ;
; Decoder0~107                            ; LC_X3_Y3_N3 ; 8       ; Clock enable ; no     ; --                   ; --               ;
; Decoder0~108                            ; LC_X6_Y4_N5 ; 8       ; Clock enable ; no     ; --                   ; --               ;
; Decoder0~109                            ; LC_X6_Y4_N4 ; 8       ; Clock enable ; no     ; --                   ; --               ;
; Decoder0~110                            ; LC_X3_Y4_N8 ; 8       ; Clock enable ; no     ; --                   ; --               ;
; Decoder0~111                            ; LC_X2_Y4_N2 ; 8       ; Clock enable ; no     ; --                   ; --               ;
; Decoder0~112                            ; LC_X6_Y2_N8 ; 8       ; Clock enable ; no     ; --                   ; --               ;
; Decoder1~44                             ; LC_X3_Y3_N2 ; 8       ; Clock enable ; no     ; --                   ; --               ;
; Decoder1~45                             ; LC_X3_Y2_N9 ; 8       ; Clock enable ; no     ; --                   ; --               ;
; ch2_ctrl[0]~80                          ; LC_X2_Y4_N0 ; 5       ; Clock enable ; no     ; --                   ; --               ;
; clk                                     ; PIN_14      ; 187     ; Clock        ; yes    ; Global Clock         ; GCLK1            ;
; clock_synth:csynth0|Equal0~75           ; LC_X2_Y4_N6 ; 8       ; Sync. clear  ; no     ; --                   ; --               ;
; clock_synth:csynth0|channel_clk         ; LC_X2_Y4_N6 ; 24      ; Clock enable ; no     ; --                   ; --               ;
; clock_synth:csynth1|Equal0~75           ; LC_X6_Y2_N4 ; 8       ; Sync. clear  ; no     ; --                   ; --               ;
; clock_synth:csynth1|channel_clk         ; LC_X6_Y2_N4 ; 11      ; Clock enable ; no     ; --                   ; --               ;
; clock_synth_low:csynth2|Equal0~75       ; LC_X3_Y2_N6 ; 10      ; Sync. clear  ; no     ; --                   ; --               ;
; clock_synth_low:csynth2|channel_clk     ; LC_X3_Y2_N6 ; 23      ; Clock enable ; no     ; --                   ; --               ;
; noise_synth:nsynth0|noise_sample[9]~112 ; LC_X6_Y4_N7 ; 10      ; Clock enable ; no     ; --                   ; --               ;
+-----------------------------------------+-------------+---------+--------------+--------+----------------------+------------------+


+---------------------------------------------------------------------+
; Global & Other Fast Signals                                         ;
+------+----------+---------+----------------------+------------------+
; Name ; Location ; Fan-Out ; Global Resource Used ; Global Line Name ;
+------+----------+---------+----------------------+------------------+
; clk  ; PIN_14   ; 187     ; Global Clock         ; GCLK1            ;
+------+----------+---------+----------------------+------------------+


+----------------------------------------------------------+
; Non-Global High Fan-Out Signals                          ;
+------------------------------------------------+---------+
; Name                                           ; Fan-Out ;
+------------------------------------------------+---------+
; clock_synth:csynth0|channel_clk                ; 24      ;
; clock_synth_low:csynth2|channel_clk            ; 23      ;
; data[4]                                        ; 11      ;
; data[3]                                        ; 11      ;
; data[2]                                        ; 11      ;
; data[1]                                        ; 11      ;
; address[1]                                     ; 11      ;
; data[0]                                        ; 11      ;
; clock_synth:csynth1|channel_clk                ; 11      ;
; address[0]                                     ; 10      ;
; clock_synth_low:csynth2|Equal0~75              ; 10      ;
; sine_synth:isynth2|direction                   ; 10      ;
; sine_synth:isynth2|triangle[7]                 ; 10      ;
; ch0_ctrl[4]                                    ; 10      ;
; noise_synth:nsynth0|noise_sample[9]~112        ; 10      ;
; triangle_synth:tsynth0|counter_dir             ; 10      ;
; ch0_ctrl[5]                                    ; 10      ;
; data[5]                                        ; 9       ;
; ch2_ctrl[4]                                    ; 9       ;
; ch1_ctrl[4]                                    ; 9       ;
; triangle_synth:tsynth0|triangle[0]             ; 9       ;
; data[6]                                        ; 8       ;
; data[7]                                        ; 8       ;
; address[2]                                     ; 8       ;
; Decoder1~45                                    ; 8       ;
; Decoder0~112                                   ; 8       ;
; Decoder0~111                                   ; 8       ;
; Decoder0~110                                   ; 8       ;
; clock_synth:csynth1|Equal0~75                  ; 8       ;
; clock_synth:csynth0|Equal0~75                  ; 8       ;
; Decoder0~109                                   ; 8       ;
; Decoder1~44                                    ; 8       ;
; Decoder0~108                                   ; 8       ;
; Decoder0~107                                   ; 8       ;
; pulse_synth:psynth1|LessThan0~104              ; 8       ;
; Decoder0~104                                   ; 8       ;
; pulse_synth:psynth0|LessThan0~104              ; 8       ;
; Decoder0~105                                   ; 6       ;
; sine_synth:isynth2|integral[1]~182             ; 5       ;
; DAC:DAC2_inst|DAC_counter[0]                   ; 5       ;
; sine_synth:isynth2|integral[6]~172             ; 5       ;
; sawtooth_synth:ssynth1|sawtooth_counter[5]~129 ; 5       ;
; DAC:DAC2_inst|LessThan0~157                    ; 5       ;
; DAC:DAC1_inst|LessThan0~157                    ; 5       ;
; DAC:DAC0_inst|LessThan0~157                    ; 5       ;
; clock_synth_low:csynth2|clk_count[4]~107       ; 5       ;
; triangle_synth:tsynth0|triangle[5]             ; 5       ;
; triangle_synth:tsynth0|triangle[4]~126         ; 5       ;
; triangle_synth:tsynth0|triangle[4]             ; 5       ;
; triangle_synth:tsynth0|triangle[3]             ; 5       ;
+------------------------------------------------+---------+


+-------------------------+
; Register Cascade Chains ;
+--------+----------------+
; Length ; Count          ;
+--------+----------------+
; 2      ; 1              ;
; 4      ; 1              ;
; 3      ; 1              ;
+--------+----------------+


+-------------------------------------------------+
; Interconnect Usage Summary                      ;
+----------------------------+--------------------+
; Interconnect Resource Type ; Usage              ;
+----------------------------+--------------------+
; C4s                        ; 179 / 784 ( 23 % ) ;
; Direct links               ; 88 / 888 ( 10 % )  ;
; Global clocks              ; 1 / 4 ( 25 % )     ;
; LAB clocks                 ; 6 / 32 ( 19 % )    ;
; LUT chains                 ; 4 / 216 ( 2 % )    ;
; Local interconnects        ; 365 / 888 ( 41 % ) ;
; R4s                        ; 287 / 704 ( 41 % ) ;
+----------------------------+--------------------+


+---------------------------------------------------------------------------+
; LAB Logic Elements                                                        ;
+--------------------------------------------+------------------------------+
; Number of Logic Elements  (Average = 9.63) ; Number of LABs  (Total = 24) ;
+--------------------------------------------+------------------------------+
; 1                                          ; 0                            ;
; 2                                          ; 0                            ;
; 3                                          ; 0                            ;
; 4                                          ; 0                            ;
; 5                                          ; 0                            ;
; 6                                          ; 0                            ;
; 7                                          ; 1                            ;
; 8                                          ; 0                            ;
; 9                                          ; 6                            ;
; 10                                         ; 17                           ;
+--------------------------------------------+------------------------------+


+-------------------------------------------------------------------+
; LAB-wide Signals                                                  ;
+------------------------------------+------------------------------+
; LAB-wide Signals  (Average = 1.63) ; Number of LABs  (Total = 24) ;
+------------------------------------+------------------------------+
; 1 Clock                            ; 21                           ;
; 1 Clock enable                     ; 8                            ;
; 1 Sync. clear                      ; 3                            ;
; 2 Clock enables                    ; 7                            ;
+------------------------------------+------------------------------+


+----------------------------------------------------------------------------+
; LAB Signals Sourced                                                        ;
+---------------------------------------------+------------------------------+
; Number of Signals Sourced  (Average = 9.25) ; Number of LABs  (Total = 24) ;
+---------------------------------------------+------------------------------+
; 0                                           ; 0                            ;
; 1                                           ; 3                            ;
; 2                                           ; 0                            ;
; 3                                           ; 0                            ;
; 4                                           ; 0                            ;
; 5                                           ; 0                            ;
; 6                                           ; 0                            ;
; 7                                           ; 0                            ;
; 8                                           ; 1                            ;
; 9                                           ; 4                            ;
; 10                                          ; 10                           ;
; 11                                          ; 3                            ;
; 12                                          ; 0                            ;
; 13                                          ; 2                            ;
; 14                                          ; 0                            ;
; 15                                          ; 0                            ;
; 16                                          ; 1                            ;
+---------------------------------------------+------------------------------+


+--------------------------------------------------------------------------------+
; LAB Signals Sourced Out                                                        ;
+-------------------------------------------------+------------------------------+
; Number of Signals Sourced Out  (Average = 6.83) ; Number of LABs  (Total = 24) ;
+-------------------------------------------------+------------------------------+
; 0                                               ; 0                            ;
; 1                                               ; 3                            ;
; 2                                               ; 4                            ;
; 3                                               ; 0                            ;
; 4                                               ; 1                            ;
; 5                                               ; 0                            ;
; 6                                               ; 2                            ;
; 7                                               ; 1                            ;
; 8                                               ; 2                            ;
; 9                                               ; 3                            ;
; 10                                              ; 6                            ;
; 11                                              ; 0                            ;
; 12                                              ; 0                            ;
; 13                                              ; 1                            ;
; 14                                              ; 1                            ;
+-------------------------------------------------+------------------------------+


+-----------------------------------------------------------------------------+
; LAB Distinct Inputs                                                         ;
+----------------------------------------------+------------------------------+
; Number of Distinct Inputs  (Average = 14.21) ; Number of LABs  (Total = 24) ;
+----------------------------------------------+------------------------------+
; 0                                            ; 0                            ;
; 1                                            ; 1                            ;
; 2                                            ; 1                            ;
; 3                                            ; 1                            ;
; 4                                            ; 2                            ;
; 5                                            ; 1                            ;
; 6                                            ; 0                            ;
; 7                                            ; 0                            ;
; 8                                            ; 0                            ;
; 9                                            ; 2                            ;
; 10                                           ; 0                            ;
; 11                                           ; 2                            ;
; 12                                           ; 0                            ;
; 13                                           ; 2                            ;
; 14                                           ; 0                            ;
; 15                                           ; 0                            ;
; 16                                           ; 0                            ;
; 17                                           ; 0                            ;
; 18                                           ; 0                            ;
; 19                                           ; 1                            ;
; 20                                           ; 4                            ;
; 21                                           ; 3                            ;
; 22                                           ; 1                            ;
; 23                                           ; 1                            ;
; 24                                           ; 1                            ;
; 25                                           ; 1                            ;
+----------------------------------------------+------------------------------+


+-------------------------------------------------------------------------+
; Fitter Device Options                                                   ;
+----------------------------------------------+--------------------------+
; Option                                       ; Setting                  ;
+----------------------------------------------+--------------------------+
; Enable user-supplied start-up clock (CLKUSR) ; Off                      ;
; Enable device-wide reset (DEV_CLRn)          ; On                       ;
; Enable device-wide output enable (DEV_OE)    ; Off                      ;
; Enable INIT_DONE output                      ; Off                      ;
; Configuration scheme                         ; Passive Serial           ;
; Reserve all unused pins                      ; As output driving ground ;
; Base pin-out file on sameframe device        ; Off                      ;
+----------------------------------------------+--------------------------+


+------------------------------------------------------------+
; Estimated Delay Added for Hold Timing                      ;
+-----------------+----------------------+-------------------+
; Source Clock(s) ; Destination Clock(s) ; Delay Added in ns ;
+-----------------+----------------------+-------------------+


+-----------------+
; Fitter Messages ;
+-----------------+
Info: *******************************************************************
Info: Running Quartus II Fitter
    Info: Version 8.1 Build 163 10/28/2008 SJ Web Edition
    Info: Processing started: Wed Apr 08 17:55:50 2020
Info: Command: quartus_fit --read_settings_files=off --write_settings_files=off Digital_PSG -c Digital_PSG
Info: Selected device EPM240T100C5 for design "Digital_PSG"
Info: Low junction temperature is 0 degrees C
Info: High junction temperature is 85 degrees C
Info: Fitter is performing a Standard Fit compilation using maximum Fitter effort to optimize design performance
Warning: Feature LogicLock is not available with your current license
Info: Device migration not selected. If you intend to use device migration later, you may need to change the pin assignments as they may be incompatible with other devices
    Info: Device EPM240T100I5 is compatible
    Info: Device EPM240T100A5 is compatible
    Info: Device EPM570T100C5 is compatible
    Info: Device EPM570T100I5 is compatible
    Info: Device EPM570T100A5 is compatible
Info: Fitter converted 1 user pins into dedicated programming pins
    Info: Pin ~DEV_CLRn~ is reserved at location 44
Warning: No exact pin location assignment(s) for 26 pins of 26 total pins
    Info: Pin ch0_audio[0] not assigned to an exact location on the device
    Info: Pin ch0_audio[1] not assigned to an exact location on the device
    Info: Pin ch0_audio[2] not assigned to an exact location on the device
    Info: Pin ch0_audio[3] not assigned to an exact location on the device
    Info: Pin ch1_audio[0] not assigned to an exact location on the device
    Info: Pin ch1_audio[1] not assigned to an exact location on the device
    Info: Pin ch1_audio[2] not assigned to an exact location on the device
    Info: Pin ch1_audio[3] not assigned to an exact location on the device
    Info: Pin ch2_audio[0] not assigned to an exact location on the device
    Info: Pin ch2_audio[1] not assigned to an exact location on the device
    Info: Pin ch2_audio[2] not assigned to an exact location on the device
    Info: Pin ch2_audio[3] not assigned to an exact location on the device
    Info: Pin data[0] not assigned to an exact location on the device
    Info: Pin clk not assigned to an exact location on the device
    Info: Pin address[0] not assigned to an exact location on the device
    Info: Pin address[1] not assigned to an exact location on the device
    Info: Pin address[2] not assigned to an exact location on the device
    Info: Pin wr not assigned to an exact location on the device
    Info: Pin address[3] not assigned to an exact location on the device
    Info: Pin data[1] not assigned to an exact location on the device
    Info: Pin data[2] not assigned to an exact location on the device
    Info: Pin data[3] not assigned to an exact location on the device
    Info: Pin data[7] not assigned to an exact location on the device
    Info: Pin data[5] not assigned to an exact location on the device
    Info: Pin data[4] not assigned to an exact location on the device
    Info: Pin data[6] not assigned to an exact location on the device
Info: Fitter is using the Classic Timing Analyzer
Info: Timing requirements not specified -- optimizing circuit to achieve the following default global requirements
    Info: Assuming a global fmax requirement of 1000 MHz
    Info: Assuming a global tsu requirement of 2.0 ns
    Info: Assuming a global tco requirement of 1.0 ns
    Info: Assuming a global tpd requirement of 1.0 ns
Extra Info: Performing register packing on registers with non-logic cell location assignments
Extra Info: Completed register packing on registers with non-logic cell location assignments
Info: Completed User Assigned Global Signals Promotion Operation
Info: Automatically promoted signal "clk" to use Global clock in PIN 14
Info: Completed Auto Global Promotion Operation
Info: Starting register packing
Info: Fitter is using Normal packing mode for logic elements with Auto setting for Auto Packed Registers logic option
Extra Info: Moving registers into LUTs to improve timing and density
Info: Started processing fast register assignments
Info: Finished processing fast register assignments
Extra Info: Finished moving registers into LUTs: elapsed time is 00:00:00
Info: Finished register packing
Info: Statistics of I/O pins that need to be placed that use the same VCCIO and VREF, before I/O pin placement
    Info: Number of I/O pins in group: 25 (unused VREF, 3.3V VCCIO, 13 input, 12 output, 0 bidirectional)
        Info: I/O standards used: 3.3-V LVTTL.
Info: I/O bank details before I/O pin placement
    Info: Statistics of I/O banks
        Info: I/O bank number 1 does not use VREF pins and has undetermined VCCIO pins. 2 total pin(s) used --  36 pins available
        Info: I/O bank number 2 does not use VREF pins and has undetermined VCCIO pins. 0 total pin(s) used --  42 pins available
Info: Fitter preparation operations ending: elapsed time is 00:00:02
Info: Fitter placement preparation operations beginning
Info: Fitter placement preparation operations ending: elapsed time is 00:00:00
Info: Fitter cannot place all nodes on current device -- Fitter will automatically make another fitting attempt and tightly pack logic elements
Info: Starting register packing
Info: Fitter is using Minimize Area packing mode for logic elements with Auto setting for Auto Packed Registers logic option
Info: Started processing fast register assignments
Info: Finished processing fast register assignments
Extra Info: Finished moving registers into LUTs: elapsed time is 00:00:00
Info: Finished register packing
Info: Fitter preparation operations ending: elapsed time is 00:00:00
Info: Fitter placement preparation operations beginning
Info: Fitter placement preparation operations ending: elapsed time is 00:00:00
Info: Fitter cannot place all nodes on current device -- Fitter will automatically make another fitting attempt and tightly pack logic elements
Info: Starting register packing
Info: Fitter is using Minimize Area with Chains packing mode for logic elements with Auto setting for Auto Packed Registers logic option
Info: Started processing fast register assignments
Info: Finished processing fast register assignments
Extra Info: Finished moving registers into LUTs: elapsed time is 00:00:00
Info: Finished register packing
Info: Fitter preparation operations ending: elapsed time is 00:00:00
Info: Fitter placement preparation operations beginning
Info: Fitter placement preparation operations ending: elapsed time is 00:00:03
Info: Fitter placement operations beginning
Info: Fitter placement was successful
Info: Fitter placement operations ending: elapsed time is 00:00:08
Info: Estimated most critical path is register to pin delay of 18.519 ns
    Info: 1: + IC(0.000 ns) + CELL(0.000 ns) = 0.000 ns; Loc. = LAB_X6_Y1; Fanout = 8; REG Node = 'triangle_synth:tsynth0|triangle[2]'
    Info: 2: + IC(1.348 ns) + CELL(0.978 ns) = 2.326 ns; Loc. = LAB_X7_Y1; Fanout = 1; COMB Node = 'pulse_synth:psynth0|LessThan0~141'
    Info: 3: + IC(0.000 ns) + CELL(0.123 ns) = 2.449 ns; Loc. = LAB_X7_Y1; Fanout = 1; COMB Node = 'pulse_synth:psynth0|LessThan0~136'
    Info: 4: + IC(0.000 ns) + CELL(0.123 ns) = 2.572 ns; Loc. = LAB_X7_Y1; Fanout = 1; COMB Node = 'pulse_synth:psynth0|LessThan0~131'
    Info: 5: + IC(0.000 ns) + CELL(0.123 ns) = 2.695 ns; Loc. = LAB_X7_Y1; Fanout = 1; COMB Node = 'pulse_synth:psynth0|LessThan0~126'
    Info: 6: + IC(0.000 ns) + CELL(0.399 ns) = 3.094 ns; Loc. = LAB_X7_Y1; Fanout = 1; COMB Node = 'pulse_synth:psynth0|LessThan0~121'
    Info: 7: + IC(0.000 ns) + CELL(1.234 ns) = 4.328 ns; Loc. = LAB_X7_Y1; Fanout = 8; COMB Node = 'pulse_synth:psynth0|LessThan0~104'
    Info: 8: + IC(1.468 ns) + CELL(0.914 ns) = 6.710 ns; Loc. = LAB_X7_Y3; Fanout = 1; COMB Node = 'Mux7~131'
    Info: 9: + IC(0.745 ns) + CELL(0.914 ns) = 8.369 ns; Loc. = LAB_X6_Y3; Fanout = 2; COMB Node = 'Mux7~132'
    Info: 10: + IC(1.345 ns) + CELL(0.747 ns) = 10.461 ns; Loc. = LAB_X5_Y3; Fanout = 1; COMB Node = 'DAC:DAC0_inst|LessThan0~167'
    Info: 11: + IC(0.000 ns) + CELL(0.123 ns) = 10.584 ns; Loc. = LAB_X5_Y3; Fanout = 1; COMB Node = 'DAC:DAC0_inst|LessThan0~162'
    Info: 12: + IC(0.000 ns) + CELL(0.399 ns) = 10.983 ns; Loc. = LAB_X5_Y3; Fanout = 1; COMB Node = 'DAC:DAC0_inst|LessThan0~157'
    Info: 13: + IC(0.000 ns) + CELL(1.234 ns) = 12.217 ns; Loc. = LAB_X5_Y3; Fanout = 4; COMB Node = 'DAC:DAC0_inst|LessThan0~130'
    Info: 14: + IC(1.436 ns) + CELL(0.914 ns) = 14.567 ns; Loc. = LAB_X5_Y2; Fanout = 1; COMB Node = 'DAC:DAC0_inst|audio[0]'
    Info: 15: + IC(1.630 ns) + CELL(2.322 ns) = 18.519 ns; Loc. = PIN_58; Fanout = 0; PIN Node = 'ch0_audio[0]'
    Info: Total cell delay = 10.547 ns ( 56.95 % )
    Info: Total interconnect delay = 7.972 ns ( 43.05 % )
Info: Fitter routing operations beginning
Info: Average interconnect usage is 27% of the available device resources
    Info: Peak interconnect usage is 27% of the available device resources in the region that extends from location X0_Y0 to location X8_Y5
Info: Fitter routing operations ending: elapsed time is 00:00:04
Warning: The Reserve All Unused Pins setting has not been specified, and will default to 'As output driving ground'.
Info: Quartus II Fitter was successful. 0 errors, 3 warnings
    Info: Peak virtual memory: 162 megabytes
    Info: Processing ended: Wed Apr 08 17:56:11 2020
    Info: Elapsed time: 00:00:21
    Info: Total CPU time (on all processors): 00:00:18


